<?xml version="1.0" encoding="UTF-8"?>
<robot generator="Robot 7.4.2 (Python 3.8.10 on linux)" generated="2026-04-13T15:12:32.461444" rpa="false" schemaversion="5">
<suite id="s1" name="Rms Login" source="/home/vkchlt0742/PycharmProjects/RMS Automation Framework/RMS-Automation-Framework/tests/rms_login.robot">
<test id="s1-t1" name="RMS Login Test" line="7">
<kw name="Open RMS Application" owner="keywords">
<kw name="Evaluate" owner="BuiltIn">
<msg time="2026-04-13T15:12:32.596878" level="INFO">${options} = &lt;selenium.webdriver.chrome.options.Options object at 0x7fa337237d30&gt;</msg>
<var>${options}</var>
<arg>sys.modules['selenium.webdriver'].ChromeOptions()</arg>
<arg>sys</arg>
<doc>Evaluates the given expression in Python and returns the result.</doc>
<status status="PASS" start="2026-04-13T15:12:32.596481" elapsed="0.000435"/>
</kw>
<kw name="Call Method" owner="BuiltIn">
<arg>${options}</arg>
<arg>add_argument</arg>
<arg>--ignore-certificate-errors</arg>
<doc>Calls the named method of the given object with the provided arguments.</doc>
<status status="PASS" start="2026-04-13T15:12:32.597035" elapsed="0.000223"/>
</kw>
<kw name="Call Method" owner="BuiltIn">
<arg>${options}</arg>
<arg>add_argument</arg>
<arg>--allow-insecure-localhost</arg>
<doc>Calls the named method of the given object with the provided arguments.</doc>
<status status="PASS" start="2026-04-13T15:12:32.597354" elapsed="0.000188"/>
</kw>
<kw name="Call Method" owner="BuiltIn">
<arg>${options}</arg>
<arg>add_argument</arg>
<arg>--start-maximized</arg>
<doc>Calls the named method of the given object with the provided arguments.</doc>
<status status="PASS" start="2026-04-13T15:12:32.597631" elapsed="0.000177"/>
</kw>
<kw name="Create Webdriver" owner="SeleniumLibrary">
<msg time="2026-04-13T15:12:32.598048" level="INFO">Creating an instance of the Chrome WebDriver.</msg>
<arg>Chrome</arg>
<arg>options=${options}</arg>
<doc>Creates an instance of Selenium WebDriver.</doc>
<status status="PASS" start="2026-04-13T15:12:32.597901" elapsed="0.692560"/>
</kw>
<kw name="Go To" owner="SeleniumLibrary">
<msg time="2026-04-13T15:12:33.291101" level="INFO">Opening url 'https://65.1.49.73:5173/'</msg>
<arg>${URL}</arg>
<doc>Navigates the current browser window to the provided ``url``.</doc>
<status status="PASS" start="2026-04-13T15:12:33.290825" elapsed="33.706783"/>
</kw>
<status status="PASS" start="2026-04-13T15:12:32.595867" elapsed="34.401894"/>
</kw>
<kw name="Login To RMS" owner="keywords">
<kw name="Input Text" owner="SeleniumLibrary">
<msg time="2026-04-13T15:13:06.998858" level="INFO">Typing text 'admin' into text field 'id=username'.</msg>
<arg>id=username</arg>
<arg>${USERNAME}</arg>
<doc>Types the given ``text`` into the text field identified by ``locator``.</doc>
<status status="PASS" start="2026-04-13T15:13:06.998449" elapsed="0.066832"/>
</kw>
<kw name="Input Text" owner="SeleniumLibrary">
<msg time="2026-04-13T15:13:07.065768" level="INFO">Typing text 'password' into text field 'id=password'.</msg>
<arg>id=password</arg>
<arg>${PASSWORD}</arg>
<doc>Types the given ``text`` into the text field identified by ``locator``.</doc>
<status status="PASS" start="2026-04-13T15:13:07.065489" elapsed="0.047838"/>
</kw>
<kw name="Click Button" owner="SeleniumLibrary">
<msg time="2026-04-13T15:13:07.113776" level="INFO">Clicking button 'xpath=//button'.</msg>
<arg>xpath=//button</arg>
<doc>Clicks the button identified by ``locator``.</doc>
<status status="PASS" start="2026-04-13T15:13:07.113544" elapsed="30.177268"/>
</kw>
<kw name="Sleep" owner="BuiltIn">
<msg time="2026-04-13T15:13:40.291864" level="INFO">Slept 3 seconds.</msg>
<arg>3s</arg>
<doc>Pauses the test executed for the given time.</doc>
<status status="PASS" start="2026-04-13T15:13:37.291044" elapsed="3.001135"/>
</kw>
<status status="PASS" start="2026-04-13T15:13:06.998066" elapsed="33.294372"/>
</kw>
<kw name="Verify Login Success" owner="keywords">
<kw name="Capture Page Screenshot" owner="SeleniumLibrary">
<msg time="2026-04-13T15:13:40.464201" level="INFO" html="true">&lt;/td&gt;&lt;/tr&gt;&lt;tr&gt;&lt;td colspan="3"&gt;&lt;a href="selenium-screenshot-2.png"&gt;&lt;img src="selenium-screenshot-2.png" width="800px"&gt;&lt;/a&gt;</msg>
<doc>Takes a screenshot of the current page and embeds it into a log file.</doc>
<status status="PASS" start="2026-04-13T15:13:40.293928" elapsed="0.170410"/>
</kw>
<status status="PASS" start="2026-04-13T15:13:40.293103" elapsed="0.171334"/>
</kw>
<kw name="Close Browser" owner="SeleniumLibrary">
<doc>Closes the current browser.</doc>
<status status="PASS" start="2026-04-13T15:13:40.464639" elapsed="0.072398"/>
</kw>
<status status="PASS" start="2026-04-13T15:12:32.595247" elapsed="67.942673"/>
</test>
<status status="PASS" start="2026-04-13T15:12:32.462337" elapsed="68.076464"/>
</suite>
<statistics>
<total>
<stat pass="1" fail="0" skip="0">All Tests</stat>
</total>
<tag>
</tag>
<suite>
<stat name="Rms Login" id="s1" pass="1" fail="0" skip="0">Rms Login</stat>
</suite>
</statistics>
<errors>
</errors>
</robot>
